[2023-03-28T21:01:44.737] [ERROR] default - CustomError {
  codigo: 500,
  descripcion: 'Error listarAll()',
  detalle: TypeError: Cannot read properties of undefined (reading 'connect')
      at UsuariosDaoMongoDb.listarAll (file:///C:/Users/franc/OneDrive/Documents/Backend/Backend/src/container/ContenedorMongoDb.js:30:35)
      at postLoginController (file:///C:/Users/franc/OneDrive/Documents/Backend/Backend/src/controller/login.js:5:40)
      at Layer.handle [as handle_request] (C:\Users\franc\OneDrive\Documents\Backend\Backend\node_modules\express\lib\router\layer.js:95:5)
      at next (C:\Users\franc\OneDrive\Documents\Backend\Backend\node_modules\express\lib\router\route.js:144:13)
      at Route.dispatch (C:\Users\franc\OneDrive\Documents\Backend\Backend\node_modules\express\lib\router\route.js:114:3)
      at Layer.handle [as handle_request] (C:\Users\franc\OneDrive\Documents\Backend\Backend\node_modules\express\lib\router\layer.js:95:5)
      at C:\Users\franc\OneDrive\Documents\Backend\Backend\node_modules\express\lib\router\index.js:284:15
      at Function.process_params (C:\Users\franc\OneDrive\Documents\Backend\Backend\node_modules\express\lib\router\index.js:346:12)
      at next (C:\Users\franc\OneDrive\Documents\Backend\Backend\node_modules\express\lib\router\index.js:280:10)
      at Function.handle (C:\Users\franc\OneDrive\Documents\Backend\Backend\node_modules\express\lib\router\index.js:175:3)
}
[2023-03-31T09:47:24.778] [ERROR] default - CustomError {
  codigo: 500,
  descripcion: 'Error guardar()',
  detalle: Error: productos validation failed: thumbnail: Path `thumbnail` is required., title: Path `title` is required., price: Path `price` is required.
      at ValidationError.inspect (C:\Users\franc\OneDrive\Documents\Backend\Backend\node_modules\mongoose\lib\error\validation.js:49:26)
      at formatValue (node:internal/util/inspect:806:19)
      at formatProperty (node:internal/util/inspect:1920:11)
      at formatRaw (node:internal/util/inspect:1055:9)
      at formatValue (node:internal/util/inspect:841:10)
      at inspect (node:internal/util/inspect:365:10)
      at formatWithOptionsInternal (node:internal/util/inspect:2273:40)
      at Object.format (node:internal/util/inspect:2130:10)
      at basicLayout (C:\Users\franc\OneDrive\Documents\Backend\Backend\node_modules\log4js\lib\layouts.js:65:52)
      at app (C:\Users\franc\OneDrive\Documents\Backend\Backend\node_modules\log4js\lib\appenders\file.js:98:23) {
    errors: {
      thumbnail: [ValidatorError],
      title: [ValidatorError],
      price: [ValidatorError]
    },
    _message: 'productos validation failed'
  }
}
[2023-03-31T09:51:26.364] [ERROR] default - CustomError {
  codigo: 500,
  descripcion: 'Error guardar()',
  detalle: Error: productos validation failed: thumbnail: Path `thumbnail` is required., title: Path `title` is required., price: Path `price` is required.
      at ValidationError.inspect (C:\Users\franc\OneDrive\Documents\Backend\Backend\node_modules\mongoose\lib\error\validation.js:49:26)
      at formatValue (node:internal/util/inspect:806:19)
      at formatProperty (node:internal/util/inspect:1920:11)
      at formatRaw (node:internal/util/inspect:1055:9)
      at formatValue (node:internal/util/inspect:841:10)
      at inspect (node:internal/util/inspect:365:10)
      at formatWithOptionsInternal (node:internal/util/inspect:2273:40)
      at Object.format (node:internal/util/inspect:2130:10)
      at basicLayout (C:\Users\franc\OneDrive\Documents\Backend\Backend\node_modules\log4js\lib\layouts.js:65:52)
      at app (C:\Users\franc\OneDrive\Documents\Backend\Backend\node_modules\log4js\lib\appenders\file.js:98:23) {
    errors: {
      thumbnail: [ValidatorError],
      title: [ValidatorError],
      price: [ValidatorError]
    },
    _message: 'productos validation failed'
  }
}
[2023-03-31T09:53:08.492] [ERROR] default - CustomError {
  codigo: 500,
  descripcion: 'Error guardar()',
  detalle: Error: productos validation failed: thumbnail: Path `thumbnail` is required., title: Path `title` is required., price: Path `price` is required.
      at ValidationError.inspect (C:\Users\franc\OneDrive\Documents\Backend\Backend\node_modules\mongoose\lib\error\validation.js:49:26)
      at formatValue (node:internal/util/inspect:806:19)
      at formatProperty (node:internal/util/inspect:1920:11)
      at formatRaw (node:internal/util/inspect:1055:9)
      at formatValue (node:internal/util/inspect:841:10)
      at inspect (node:internal/util/inspect:365:10)
      at formatWithOptionsInternal (node:internal/util/inspect:2273:40)
      at Object.format (node:internal/util/inspect:2130:10)
      at basicLayout (C:\Users\franc\OneDrive\Documents\Backend\Backend\node_modules\log4js\lib\layouts.js:65:52)
      at app (C:\Users\franc\OneDrive\Documents\Backend\Backend\node_modules\log4js\lib\appenders\file.js:98:23) {
    errors: {
      thumbnail: [ValidatorError],
      title: [ValidatorError],
      price: [ValidatorError]
    },
    _message: 'productos validation failed'
  }
}
[2023-03-31T09:55:16.514] [ERROR] default - CustomError {
  codigo: 500,
  descripcion: 'Error guardar()',
  detalle: Error: productos validation failed: thumbnail: Path `thumbnail` is required., title: Path `title` is required., price: Path `price` is required.
      at ValidationError.inspect (C:\Users\franc\OneDrive\Documents\Backend\Backend\node_modules\mongoose\lib\error\validation.js:49:26)
      at formatValue (node:internal/util/inspect:806:19)
      at formatProperty (node:internal/util/inspect:1920:11)
      at formatRaw (node:internal/util/inspect:1055:9)
      at formatValue (node:internal/util/inspect:841:10)
      at inspect (node:internal/util/inspect:365:10)
      at formatWithOptionsInternal (node:internal/util/inspect:2273:40)
      at Object.format (node:internal/util/inspect:2130:10)
      at basicLayout (C:\Users\franc\OneDrive\Documents\Backend\Backend\node_modules\log4js\lib\layouts.js:65:52)
      at app (C:\Users\franc\OneDrive\Documents\Backend\Backend\node_modules\log4js\lib\appenders\file.js:98:23) {
    errors: {
      thumbnail: [ValidatorError],
      title: [ValidatorError],
      price: [ValidatorError]
    },
    _message: 'productos validation failed'
  }
}
[2023-03-31T09:57:50.435] [ERROR] default - CustomError {
  codigo: 500,
  descripcion: 'Error guardar()',
  detalle: Error: productos validation failed: thumbnail: Path `thumbnail` is required., title: Path `title` is required., price: Path `price` is required.
      at ValidationError.inspect (C:\Users\franc\OneDrive\Documents\Backend\Backend\node_modules\mongoose\lib\error\validation.js:49:26)
      at formatValue (node:internal/util/inspect:806:19)
      at formatProperty (node:internal/util/inspect:1920:11)
      at formatRaw (node:internal/util/inspect:1055:9)
      at formatValue (node:internal/util/inspect:841:10)
      at inspect (node:internal/util/inspect:365:10)
      at formatWithOptionsInternal (node:internal/util/inspect:2273:40)
      at Object.format (node:internal/util/inspect:2130:10)
      at basicLayout (C:\Users\franc\OneDrive\Documents\Backend\Backend\node_modules\log4js\lib\layouts.js:65:52)
      at app (C:\Users\franc\OneDrive\Documents\Backend\Backend\node_modules\log4js\lib\appenders\file.js:98:23) {
    errors: {
      thumbnail: [ValidatorError],
      title: [ValidatorError],
      price: [ValidatorError]
    },
    _message: 'productos validation failed'
  }
}
[2023-03-31T09:58:25.533] [ERROR] default - CustomError {
  codigo: 500,
  descripcion: 'Error guardar()',
  detalle: Error: productos validation failed: thumbnail: Path `thumbnail` is required., title: Path `title` is required., price: Path `price` is required.
      at ValidationError.inspect (C:\Users\franc\OneDrive\Documents\Backend\Backend\node_modules\mongoose\lib\error\validation.js:49:26)
      at formatValue (node:internal/util/inspect:806:19)
      at formatProperty (node:internal/util/inspect:1920:11)
      at formatRaw (node:internal/util/inspect:1055:9)
      at formatValue (node:internal/util/inspect:841:10)
      at inspect (node:internal/util/inspect:365:10)
      at formatWithOptionsInternal (node:internal/util/inspect:2273:40)
      at Object.format (node:internal/util/inspect:2130:10)
      at basicLayout (C:\Users\franc\OneDrive\Documents\Backend\Backend\node_modules\log4js\lib\layouts.js:65:52)
      at app (C:\Users\franc\OneDrive\Documents\Backend\Backend\node_modules\log4js\lib\appenders\file.js:98:23) {
    errors: {
      thumbnail: [ValidatorError],
      title: [ValidatorError],
      price: [ValidatorError]
    },
    _message: 'productos validation failed'
  }
}
[2023-03-31T10:00:13.759] [ERROR] default - CustomError {
  codigo: 500,
  descripcion: 'Error guardar()',
  detalle: Error: productos validation failed: thumbnail: Path `thumbnail` is required., title: Path `title` is required., price: Path `price` is required.
      at ValidationError.inspect (C:\Users\franc\OneDrive\Documents\Backend\Backend\node_modules\mongoose\lib\error\validation.js:49:26)
      at formatValue (node:internal/util/inspect:806:19)
      at formatProperty (node:internal/util/inspect:1920:11)
      at formatRaw (node:internal/util/inspect:1055:9)
      at formatValue (node:internal/util/inspect:841:10)
      at inspect (node:internal/util/inspect:365:10)
      at formatWithOptionsInternal (node:internal/util/inspect:2273:40)
      at Object.format (node:internal/util/inspect:2130:10)
      at basicLayout (C:\Users\franc\OneDrive\Documents\Backend\Backend\node_modules\log4js\lib\layouts.js:65:52)
      at app (C:\Users\franc\OneDrive\Documents\Backend\Backend\node_modules\log4js\lib\appenders\file.js:98:23) {
    errors: {
      thumbnail: [ValidatorError],
      title: [ValidatorError],
      price: [ValidatorError]
    },
    _message: 'productos validation failed'
  }
}
[2023-03-31T10:04:48.971] [ERROR] default - CustomError {
  codigo: 500,
  descripcion: 'Error guardar()',
  detalle: Error: productos validation failed: thumbnail: Path `thumbnail` is required., title: Path `title` is required., price: Path `price` is required.
      at ValidationError.inspect (C:\Users\franc\OneDrive\Documents\Backend\Backend\node_modules\mongoose\lib\error\validation.js:49:26)
      at formatValue (node:internal/util/inspect:806:19)
      at formatProperty (node:internal/util/inspect:1920:11)
      at formatRaw (node:internal/util/inspect:1055:9)
      at formatValue (node:internal/util/inspect:841:10)
      at inspect (node:internal/util/inspect:365:10)
      at formatWithOptionsInternal (node:internal/util/inspect:2273:40)
      at Object.format (node:internal/util/inspect:2130:10)
      at basicLayout (C:\Users\franc\OneDrive\Documents\Backend\Backend\node_modules\log4js\lib\layouts.js:65:52)
      at app (C:\Users\franc\OneDrive\Documents\Backend\Backend\node_modules\log4js\lib\appenders\file.js:98:23) {
    errors: {
      thumbnail: [ValidatorError],
      title: [ValidatorError],
      price: [ValidatorError]
    },
    _message: 'productos validation failed'
  }
}
[2023-03-31T10:09:10.556] [ERROR] default - CustomError {
  codigo: 500,
  descripcion: 'Error actualizar()',
  detalle: CastError: Cast to ObjectId failed for value "NaN" (type number) at path "_id" for model "productos"
      at model.Query.exec (C:\Users\franc\OneDrive\Documents\Backend\Backend\node_modules\mongoose\lib\query.js:4891:21)
      at Query.then (C:\Users\franc\OneDrive\Documents\Backend\Backend\node_modules\mongoose\lib\query.js:4990:15)
      at process.processTicksAndRejections (node:internal/process/task_queues:95:5) {
    messageFormat: undefined,
    stringValue: '"NaN"',
    kind: 'ObjectId',
    value: NaN,
    path: '_id',
    reason: BSONTypeError: Argument passed in must be a string of 12 bytes or a string of 24 hex characters or an integer
        at new BSONTypeError (C:\Users\franc\OneDrive\Documents\Backend\Backend\node_modules\bson\lib\error.js:41:28)
        at new ObjectId (C:\Users\franc\OneDrive\Documents\Backend\Backend\node_modules\bson\lib\objectid.js:67:23)
        at castObjectId (C:\Users\franc\OneDrive\Documents\Backend\Backend\node_modules\mongoose\lib\cast\objectid.js:25:12)
        at ObjectId.cast (C:\Users\franc\OneDrive\Documents\Backend\Backend\node_modules\mongoose\lib\schema\objectid.js:246:12)
        at SchemaType.applySetters (C:\Users\franc\OneDrive\Documents\Backend\Backend\node_modules\mongoose\lib\schematype.js:1201:12)
        at SchemaType._castForQuery (C:\Users\franc\OneDrive\Documents\Backend\Backend\node_modules\mongoose\lib\schematype.js:1648:15)
        at SchemaType.castForQuery (C:\Users\franc\OneDrive\Documents\Backend\Backend\node_modules\mongoose\lib\schematype.js:1636:15)
        at SchemaType.castForQueryWrapper (C:\Users\franc\OneDrive\Documents\Backend\Backend\node_modules\mongoose\lib\schematype.js:1612:20)
        at cast (C:\Users\franc\OneDrive\Documents\Backend\Backend\node_modules\mongoose\lib\cast.js:347:32)
        at Query.cast (C:\Users\franc\OneDrive\Documents\Backend\Backend\node_modules\mongoose\lib\query.js:5319:12),
    valueType: 'number'
  }
}
[2023-03-31T10:12:20.751] [ERROR] default - CustomError {
  codigo: 500,
  descripcion: 'Error guardar()',
  detalle: Error: productos validation failed: _id: Cast to ObjectId failed for value "1" (type number) at path "_id" because of "BSONTypeError"
      at ValidationError.inspect (C:\Users\franc\OneDrive\Documents\Backend\Backend\node_modules\mongoose\lib\error\validation.js:49:26)
      at formatValue (node:internal/util/inspect:806:19)
      at formatProperty (node:internal/util/inspect:1920:11)
      at formatRaw (node:internal/util/inspect:1055:9)
      at formatValue (node:internal/util/inspect:841:10)
      at inspect (node:internal/util/inspect:365:10)
      at formatWithOptionsInternal (node:internal/util/inspect:2273:40)
      at Object.format (node:internal/util/inspect:2130:10)
      at basicLayout (C:\Users\franc\OneDrive\Documents\Backend\Backend\node_modules\log4js\lib\layouts.js:65:52)
      at app (C:\Users\franc\OneDrive\Documents\Backend\Backend\node_modules\log4js\lib\appenders\file.js:98:23) {
    errors: { _id: [CastError] },
    _message: 'productos validation failed'
  }
}
[2023-03-31T10:14:18.032] [ERROR] default - CustomError {
  codigo: 500,
  descripcion: 'Error actualizar()',
  detalle: CastError: Cast to ObjectId failed for value "NaN" (type number) at path "_id" for model "productos"
      at model.Query.exec (C:\Users\franc\OneDrive\Documents\Backend\Backend\node_modules\mongoose\lib\query.js:4891:21)
      at Query.then (C:\Users\franc\OneDrive\Documents\Backend\Backend\node_modules\mongoose\lib\query.js:4990:15)
      at process.processTicksAndRejections (node:internal/process/task_queues:95:5) {
    messageFormat: undefined,
    stringValue: '"NaN"',
    kind: 'ObjectId',
    value: NaN,
    path: '_id',
    reason: BSONTypeError: Argument passed in must be a string of 12 bytes or a string of 24 hex characters or an integer
        at new BSONTypeError (C:\Users\franc\OneDrive\Documents\Backend\Backend\node_modules\bson\lib\error.js:41:28)
        at new ObjectId (C:\Users\franc\OneDrive\Documents\Backend\Backend\node_modules\bson\lib\objectid.js:67:23)
        at castObjectId (C:\Users\franc\OneDrive\Documents\Backend\Backend\node_modules\mongoose\lib\cast\objectid.js:25:12)
        at ObjectId.cast (C:\Users\franc\OneDrive\Documents\Backend\Backend\node_modules\mongoose\lib\schema\objectid.js:246:12)
        at SchemaType.applySetters (C:\Users\franc\OneDrive\Documents\Backend\Backend\node_modules\mongoose\lib\schematype.js:1201:12)
        at SchemaType._castForQuery (C:\Users\franc\OneDrive\Documents\Backend\Backend\node_modules\mongoose\lib\schematype.js:1648:15)
        at SchemaType.castForQuery (C:\Users\franc\OneDrive\Documents\Backend\Backend\node_modules\mongoose\lib\schematype.js:1636:15)
        at SchemaType.castForQueryWrapper (C:\Users\franc\OneDrive\Documents\Backend\Backend\node_modules\mongoose\lib\schematype.js:1612:20)
        at cast (C:\Users\franc\OneDrive\Documents\Backend\Backend\node_modules\mongoose\lib\cast.js:347:32)
        at Query.cast (C:\Users\franc\OneDrive\Documents\Backend\Backend\node_modules\mongoose\lib\query.js:5319:12),
    valueType: 'number'
  }
}
[2023-03-31T10:17:53.349] [ERROR] default - CustomError {
  codigo: 500,
  descripcion: 'Error actualizar()',
  detalle: CastError: Cast to ObjectId failed for value "6426" (type number) at path "_id" for model "productos"
      at model.Query.exec (C:\Users\franc\OneDrive\Documents\Backend\Backend\node_modules\mongoose\lib\query.js:4891:21)
      at Query.then (C:\Users\franc\OneDrive\Documents\Backend\Backend\node_modules\mongoose\lib\query.js:4990:15)
      at process.processTicksAndRejections (node:internal/process/task_queues:95:5) {
    messageFormat: undefined,
    stringValue: '"6426"',
    kind: 'ObjectId',
    value: 6426,
    path: '_id',
    reason: BSONTypeError: Argument passed in must be a string of 12 bytes or a string of 24 hex characters or an integer
        at new BSONTypeError (C:\Users\franc\OneDrive\Documents\Backend\Backend\node_modules\bson\lib\error.js:41:28)
        at new ObjectId (C:\Users\franc\OneDrive\Documents\Backend\Backend\node_modules\bson\lib\objectid.js:67:23)
        at castObjectId (C:\Users\franc\OneDrive\Documents\Backend\Backend\node_modules\mongoose\lib\cast\objectid.js:25:12)
        at ObjectId.cast (C:\Users\franc\OneDrive\Documents\Backend\Backend\node_modules\mongoose\lib\schema\objectid.js:246:12)
        at SchemaType.applySetters (C:\Users\franc\OneDrive\Documents\Backend\Backend\node_modules\mongoose\lib\schematype.js:1201:12)
        at SchemaType._castForQuery (C:\Users\franc\OneDrive\Documents\Backend\Backend\node_modules\mongoose\lib\schematype.js:1648:15)
        at SchemaType.castForQuery (C:\Users\franc\OneDrive\Documents\Backend\Backend\node_modules\mongoose\lib\schematype.js:1636:15)
        at SchemaType.castForQueryWrapper (C:\Users\franc\OneDrive\Documents\Backend\Backend\node_modules\mongoose\lib\schematype.js:1612:20)
        at cast (C:\Users\franc\OneDrive\Documents\Backend\Backend\node_modules\mongoose\lib\cast.js:347:32)
        at Query.cast (C:\Users\franc\OneDrive\Documents\Backend\Backend\node_modules\mongoose\lib\query.js:5319:12),
    valueType: 'number'
  }
}
[2023-03-31T10:19:18.638] [ERROR] default - CustomError {
  codigo: 500,
  descripcion: 'Error actualizar()',
  detalle: CastError: Cast to ObjectId failed for value "6426" (type number) at path "_id" for model "productos"
      at model.Query.exec (C:\Users\franc\OneDrive\Documents\Backend\Backend\node_modules\mongoose\lib\query.js:4891:21)
      at Query.then (C:\Users\franc\OneDrive\Documents\Backend\Backend\node_modules\mongoose\lib\query.js:4990:15)
      at process.processTicksAndRejections (node:internal/process/task_queues:95:5) {
    messageFormat: undefined,
    stringValue: '"6426"',
    kind: 'ObjectId',
    value: 6426,
    path: '_id',
    reason: BSONTypeError: Argument passed in must be a string of 12 bytes or a string of 24 hex characters or an integer
        at new BSONTypeError (C:\Users\franc\OneDrive\Documents\Backend\Backend\node_modules\bson\lib\error.js:41:28)
        at new ObjectId (C:\Users\franc\OneDrive\Documents\Backend\Backend\node_modules\bson\lib\objectid.js:67:23)
        at castObjectId (C:\Users\franc\OneDrive\Documents\Backend\Backend\node_modules\mongoose\lib\cast\objectid.js:25:12)
        at ObjectId.cast (C:\Users\franc\OneDrive\Documents\Backend\Backend\node_modules\mongoose\lib\schema\objectid.js:246:12)
        at SchemaType.applySetters (C:\Users\franc\OneDrive\Documents\Backend\Backend\node_modules\mongoose\lib\schematype.js:1201:12)
        at SchemaType._castForQuery (C:\Users\franc\OneDrive\Documents\Backend\Backend\node_modules\mongoose\lib\schematype.js:1648:15)
        at SchemaType.castForQuery (C:\Users\franc\OneDrive\Documents\Backend\Backend\node_modules\mongoose\lib\schematype.js:1636:15)
        at SchemaType.castForQueryWrapper (C:\Users\franc\OneDrive\Documents\Backend\Backend\node_modules\mongoose\lib\schematype.js:1612:20)
        at cast (C:\Users\franc\OneDrive\Documents\Backend\Backend\node_modules\mongoose\lib\cast.js:347:32)
        at Query.cast (C:\Users\franc\OneDrive\Documents\Backend\Backend\node_modules\mongoose\lib\query.js:5319:12),
    valueType: 'number'
  }
}
[2023-03-31T10:20:14.380] [ERROR] default - CustomError {
  codigo: 500,
  descripcion: 'Error actualizar()',
  detalle: CastError: Cast to ObjectId failed for value "6426" (type number) at path "_id" for model "productos"
      at model.Query.exec (C:\Users\franc\OneDrive\Documents\Backend\Backend\node_modules\mongoose\lib\query.js:4891:21)
      at Query.then (C:\Users\franc\OneDrive\Documents\Backend\Backend\node_modules\mongoose\lib\query.js:4990:15)
      at process.processTicksAndRejections (node:internal/process/task_queues:95:5) {
    messageFormat: undefined,
    stringValue: '"6426"',
    kind: 'ObjectId',
    value: 6426,
    path: '_id',
    reason: BSONTypeError: Argument passed in must be a string of 12 bytes or a string of 24 hex characters or an integer
        at new BSONTypeError (C:\Users\franc\OneDrive\Documents\Backend\Backend\node_modules\bson\lib\error.js:41:28)
        at new ObjectId (C:\Users\franc\OneDrive\Documents\Backend\Backend\node_modules\bson\lib\objectid.js:67:23)
        at castObjectId (C:\Users\franc\OneDrive\Documents\Backend\Backend\node_modules\mongoose\lib\cast\objectid.js:25:12)
        at ObjectId.cast (C:\Users\franc\OneDrive\Documents\Backend\Backend\node_modules\mongoose\lib\schema\objectid.js:246:12)
        at SchemaType.applySetters (C:\Users\franc\OneDrive\Documents\Backend\Backend\node_modules\mongoose\lib\schematype.js:1201:12)
        at SchemaType._castForQuery (C:\Users\franc\OneDrive\Documents\Backend\Backend\node_modules\mongoose\lib\schematype.js:1648:15)
        at SchemaType.castForQuery (C:\Users\franc\OneDrive\Documents\Backend\Backend\node_modules\mongoose\lib\schematype.js:1636:15)
        at SchemaType.castForQueryWrapper (C:\Users\franc\OneDrive\Documents\Backend\Backend\node_modules\mongoose\lib\schematype.js:1612:20)
        at cast (C:\Users\franc\OneDrive\Documents\Backend\Backend\node_modules\mongoose\lib\cast.js:347:32)
        at Query.cast (C:\Users\franc\OneDrive\Documents\Backend\Backend\node_modules\mongoose\lib\query.js:5319:12),
    valueType: 'number'
  }
}
[2023-03-31T10:22:12.369] [ERROR] default - CustomError {
  codigo: 500,
  descripcion: 'Error actualizar()',
  detalle: CastError: Cast to ObjectId failed for value "6426" (type number) at path "_id" for model "productos"
      at model.Query.exec (C:\Users\franc\OneDrive\Documents\Backend\Backend\node_modules\mongoose\lib\query.js:4891:21)
      at Query.then (C:\Users\franc\OneDrive\Documents\Backend\Backend\node_modules\mongoose\lib\query.js:4990:15)
      at process.processTicksAndRejections (node:internal/process/task_queues:95:5) {
    messageFormat: undefined,
    stringValue: '"6426"',
    kind: 'ObjectId',
    value: 6426,
    path: '_id',
    reason: BSONTypeError: Argument passed in must be a string of 12 bytes or a string of 24 hex characters or an integer
        at new BSONTypeError (C:\Users\franc\OneDrive\Documents\Backend\Backend\node_modules\bson\lib\error.js:41:28)
        at new ObjectId (C:\Users\franc\OneDrive\Documents\Backend\Backend\node_modules\bson\lib\objectid.js:67:23)
        at castObjectId (C:\Users\franc\OneDrive\Documents\Backend\Backend\node_modules\mongoose\lib\cast\objectid.js:25:12)
        at ObjectId.cast (C:\Users\franc\OneDrive\Documents\Backend\Backend\node_modules\mongoose\lib\schema\objectid.js:246:12)
        at SchemaType.applySetters (C:\Users\franc\OneDrive\Documents\Backend\Backend\node_modules\mongoose\lib\schematype.js:1201:12)
        at SchemaType._castForQuery (C:\Users\franc\OneDrive\Documents\Backend\Backend\node_modules\mongoose\lib\schematype.js:1648:15)
        at SchemaType.castForQuery (C:\Users\franc\OneDrive\Documents\Backend\Backend\node_modules\mongoose\lib\schematype.js:1636:15)
        at SchemaType.castForQueryWrapper (C:\Users\franc\OneDrive\Documents\Backend\Backend\node_modules\mongoose\lib\schematype.js:1612:20)
        at cast (C:\Users\franc\OneDrive\Documents\Backend\Backend\node_modules\mongoose\lib\cast.js:347:32)
        at Query.cast (C:\Users\franc\OneDrive\Documents\Backend\Backend\node_modules\mongoose\lib\query.js:5319:12),
    valueType: 'number'
  }
}
[2023-03-31T10:23:18.587] [ERROR] default - CustomError {
  codigo: 500,
  descripcion: 'Error guardar()',
  detalle: MongooseError: document must have an _id before saving
      at C:\Users\franc\OneDrive\Documents\Backend\Backend\node_modules\mongoose\lib\model.js:299:18
      at process.processTicksAndRejections (node:internal/process/task_queues:77:11)
}
[2023-03-31T10:27:16.284] [ERROR] default - CustomError {
  codigo: 500,
  descripcion: 'Error guardar()',
  detalle: MongooseError: document must have an _id before saving
      at C:\Users\franc\OneDrive\Documents\Backend\Backend\node_modules\mongoose\lib\model.js:299:18
      at process.processTicksAndRejections (node:internal/process/task_queues:77:11)
}
[2023-03-31T10:33:13.194] [ERROR] default - CustomError {
  codigo: 500,
  descripcion: 'Error actualizar()',
  detalle: CastError: Cast to ObjectId failed for value "{ _id: 6426 }" (type Object) at path "_id" for model "productos"
      at model.Query.exec (C:\Users\franc\OneDrive\Documents\Backend\Backend\node_modules\mongoose\lib\query.js:4891:21)
      at Query.then (C:\Users\franc\OneDrive\Documents\Backend\Backend\node_modules\mongoose\lib\query.js:4990:15)
      at process.processTicksAndRejections (node:internal/process/task_queues:95:5) {
    messageFormat: undefined,
    stringValue: '"{ _id: 6426 }"',
    kind: 'ObjectId',
    value: { _id: 6426 },
    path: '_id',
    reason: BSONTypeError: Argument passed in must be a string of 12 bytes or a string of 24 hex characters or an integer
        at new BSONTypeError (C:\Users\franc\OneDrive\Documents\Backend\Backend\node_modules\bson\lib\error.js:41:28)
        at new ObjectId (C:\Users\franc\OneDrive\Documents\Backend\Backend\node_modules\bson\lib\objectid.js:67:23)
        at castObjectId (C:\Users\franc\OneDrive\Documents\Backend\Backend\node_modules\mongoose\lib\cast\objectid.js:20:14)
        at ObjectId.cast (C:\Users\franc\OneDrive\Documents\Backend\Backend\node_modules\mongoose\lib\schema\objectid.js:246:12)
        at SchemaType.applySetters (C:\Users\franc\OneDrive\Documents\Backend\Backend\node_modules\mongoose\lib\schematype.js:1201:12)
        at SchemaType._castForQuery (C:\Users\franc\OneDrive\Documents\Backend\Backend\node_modules\mongoose\lib\schematype.js:1648:15)
        at SchemaType.castForQuery (C:\Users\franc\OneDrive\Documents\Backend\Backend\node_modules\mongoose\lib\schematype.js:1636:15)
        at SchemaType.castForQueryWrapper (C:\Users\franc\OneDrive\Documents\Backend\Backend\node_modules\mongoose\lib\schematype.js:1612:20)
        at cast (C:\Users\franc\OneDrive\Documents\Backend\Backend\node_modules\mongoose\lib\cast.js:291:34)
        at Query.cast (C:\Users\franc\OneDrive\Documents\Backend\Backend\node_modules\mongoose\lib\query.js:5319:12),
    valueType: 'Object'
  }
}
[2023-03-31T10:33:53.755] [ERROR] default - CustomError {
  codigo: 500,
  descripcion: 'Error actualizar()',
  detalle: CastError: Cast to ObjectId failed for value "{ _id: 6426 }" (type Object) at path "_id" for model "productos"
      at model.Query.exec (C:\Users\franc\OneDrive\Documents\Backend\Backend\node_modules\mongoose\lib\query.js:4891:21)
      at Query.then (C:\Users\franc\OneDrive\Documents\Backend\Backend\node_modules\mongoose\lib\query.js:4990:15)
      at process.processTicksAndRejections (node:internal/process/task_queues:95:5) {
    messageFormat: undefined,
    stringValue: '"{ _id: 6426 }"',
    kind: 'ObjectId',
    value: { _id: 6426 },
    path: '_id',
    reason: BSONTypeError: Argument passed in must be a string of 12 bytes or a string of 24 hex characters or an integer
        at new BSONTypeError (C:\Users\franc\OneDrive\Documents\Backend\Backend\node_modules\bson\lib\error.js:41:28)
        at new ObjectId (C:\Users\franc\OneDrive\Documents\Backend\Backend\node_modules\bson\lib\objectid.js:67:23)
        at castObjectId (C:\Users\franc\OneDrive\Documents\Backend\Backend\node_modules\mongoose\lib\cast\objectid.js:20:14)
        at ObjectId.cast (C:\Users\franc\OneDrive\Documents\Backend\Backend\node_modules\mongoose\lib\schema\objectid.js:246:12)
        at SchemaType.applySetters (C:\Users\franc\OneDrive\Documents\Backend\Backend\node_modules\mongoose\lib\schematype.js:1201:12)
        at SchemaType._castForQuery (C:\Users\franc\OneDrive\Documents\Backend\Backend\node_modules\mongoose\lib\schematype.js:1648:15)
        at SchemaType.castForQuery (C:\Users\franc\OneDrive\Documents\Backend\Backend\node_modules\mongoose\lib\schematype.js:1636:15)
        at SchemaType.castForQueryWrapper (C:\Users\franc\OneDrive\Documents\Backend\Backend\node_modules\mongoose\lib\schematype.js:1612:20)
        at cast (C:\Users\franc\OneDrive\Documents\Backend\Backend\node_modules\mongoose\lib\cast.js:291:34)
        at Query.cast (C:\Users\franc\OneDrive\Documents\Backend\Backend\node_modules\mongoose\lib\query.js:5319:12),
    valueType: 'Object'
  }
}
[2023-03-31T10:35:12.727] [ERROR] default - CustomError {
  codigo: 500,
  descripcion: 'Error guardar()',
  detalle: MongoExpiredSessionError: Cannot use a session that has ended
      at applySession (C:\Users\franc\OneDrive\Documents\Backend\Backend\node_modules\mongodb\lib\sessions.js:664:16)
      at Connection.command (C:\Users\franc\OneDrive\Documents\Backend\Backend\node_modules\mongodb\lib\cmap\connection.js:271:53)
      at C:\Users\franc\OneDrive\Documents\Backend\Backend\node_modules\mongodb\lib\sdam\server.js:210:18
      at Object.callback (C:\Users\franc\OneDrive\Documents\Backend\Backend\node_modules\mongodb\lib\cmap\connection_pool.js:293:13)
      at ConnectionPool.processWaitQueue (C:\Users\franc\OneDrive\Documents\Backend\Backend\node_modules\mongodb\lib\cmap\connection_pool.js:435:33)
      at C:\Users\franc\OneDrive\Documents\Backend\Backend\node_modules\mongodb\lib\cmap\connection_pool.js:189:37
      at process.processTicksAndRejections (node:internal/process/task_queues:77:11) {
    [Symbol(errorLabels)]: Set(0) {}
  }
}
[2023-03-31T10:36:17.829] [ERROR] default - CustomError {
  codigo: 500,
  descripcion: 'Error listar()',
  detalle: MongoNotConnectedError: Client must be connected before running operations
      at C:\Users\franc\OneDrive\Documents\Backend\Backend\node_modules\mongodb\lib\operations\execute_operation.js:20:33
      at maybePromise (C:\Users\franc\OneDrive\Documents\Backend\Backend\node_modules\mongodb\lib\utils.js:357:5)
      at executeOperation (C:\Users\franc\OneDrive\Documents\Backend\Backend\node_modules\mongodb\lib\operations\execute_operation.js:16:37)
      at FindCursor._initialize (C:\Users\franc\OneDrive\Documents\Backend\Backend\node_modules\mongodb\lib\cursor\find_cursor.js:54:50)
      at [kInit] (C:\Users\franc\OneDrive\Documents\Backend\Backend\node_modules\mongodb\lib\cursor\abstract_cursor.js:428:14)
      at next (C:\Users\franc\OneDrive\Documents\Backend\Backend\node_modules\mongodb\lib\cursor\abstract_cursor.js:499:22)
      at fetchDocs (C:\Users\franc\OneDrive\Documents\Backend\Backend\node_modules\mongodb\lib\cursor\abstract_cursor.js:256:17)
      at C:\Users\franc\OneDrive\Documents\Backend\Backend\node_modules\mongodb\lib\cursor\abstract_cursor.js:273:13
      at maybePromise (C:\Users\franc\OneDrive\Documents\Backend\Backend\node_modules\mongodb\lib\utils.js:357:5)
      at FindCursor.toArray (C:\Users\franc\OneDrive\Documents\Backend\Backend\node_modules\mongodb\lib\cursor\abstract_cursor.js:251:41) {
    [Symbol(errorLabels)]: Set(0) {}
  }
}
[2023-03-31T10:37:48.717] [ERROR] default - CustomError {
  codigo: 500,
  descripcion: 'Error borrar()',
  detalle: TypeError: Cannot read properties of null (reading 'acknowledged')
      at ProductosDaoMongoDb.borrar (file:///C:/Users/franc/OneDrive/Documents/Backend/Backend/src/container/ContenedorMongoDb.js:77:24)
      at process.processTicksAndRejections (node:internal/process/task_queues:95:5)
      at async file:///C:/Users/franc/OneDrive/Documents/Backend/Backend/src/routes/api.js:31:18
}
[2023-03-31T10:41:03.515] [ERROR] default - CustomError {
  codigo: 500,
  descripcion: 'Error borrar()',
  detalle: TypeError: Cannot read properties of null (reading 'acknowledged')
      at ProductosDaoMongoDb.borrar (file:///C:/Users/franc/OneDrive/Documents/Backend/Backend/src/container/ContenedorMongoDb.js:77:24)
      at process.processTicksAndRejections (node:internal/process/task_queues:95:5)
      at async file:///C:/Users/franc/OneDrive/Documents/Backend/Backend/src/routes/api.js:31:18
}
[2023-03-31T10:41:37.594] [ERROR] default - CustomError {
  codigo: 500,
  descripcion: 'Error guardar()',
  detalle: MongoExpiredSessionError: Cannot use a session that has ended
      at applySession (C:\Users\franc\OneDrive\Documents\Backend\Backend\node_modules\mongodb\lib\sessions.js:664:16)
      at Connection.command (C:\Users\franc\OneDrive\Documents\Backend\Backend\node_modules\mongodb\lib\cmap\connection.js:271:53)
      at C:\Users\franc\OneDrive\Documents\Backend\Backend\node_modules\mongodb\lib\sdam\server.js:210:18
      at Object.callback (C:\Users\franc\OneDrive\Documents\Backend\Backend\node_modules\mongodb\lib\cmap\connection_pool.js:293:13)
      at ConnectionPool.processWaitQueue (C:\Users\franc\OneDrive\Documents\Backend\Backend\node_modules\mongodb\lib\cmap\connection_pool.js:435:33)
      at C:\Users\franc\OneDrive\Documents\Backend\Backend\node_modules\mongodb\lib\cmap\connection_pool.js:189:37
      at process.processTicksAndRejections (node:internal/process/task_queues:77:11) {
    [Symbol(errorLabels)]: Set(0) {}
  }
}
[2023-03-31T10:44:58.948] [ERROR] default - CustomError {
  codigo: 500,
  descripcion: 'Error guardar()',
  detalle: MongoExpiredSessionError: Cannot use a session that has ended
      at applySession (C:\Users\franc\OneDrive\Documents\Backend\Backend\node_modules\mongodb\lib\sessions.js:664:16)
      at Connection.command (C:\Users\franc\OneDrive\Documents\Backend\Backend\node_modules\mongodb\lib\cmap\connection.js:271:53)
      at C:\Users\franc\OneDrive\Documents\Backend\Backend\node_modules\mongodb\lib\sdam\server.js:210:18
      at Object.callback (C:\Users\franc\OneDrive\Documents\Backend\Backend\node_modules\mongodb\lib\cmap\connection_pool.js:293:13)
      at ConnectionPool.processWaitQueue (C:\Users\franc\OneDrive\Documents\Backend\Backend\node_modules\mongodb\lib\cmap\connection_pool.js:435:33)
      at C:\Users\franc\OneDrive\Documents\Backend\Backend\node_modules\mongodb\lib\cmap\connection_pool.js:189:37
      at process.processTicksAndRejections (node:internal/process/task_queues:77:11) {
    [Symbol(errorLabels)]: Set(0) {}
  }
}
[2023-03-31T10:48:11.731] [ERROR] default - CustomError {
  codigo: 500,
  descripcion: 'Error actualizar()',
  detalle: TypeError: Cannot read properties of null (reading 'acknowledged')
      at ProductosDaoMongoDb.actualizar (file:///C:/Users/franc/OneDrive/Documents/Backend/Backend/src/container/ContenedorMongoDb.js:61:24)
      at process.processTicksAndRejections (node:internal/process/task_queues:95:5)
      at async file:///C:/Users/franc/OneDrive/Documents/Backend/Backend/src/routes/api.js:23:28
}
[2023-03-31T10:49:09.788] [ERROR] default - CustomError {
  codigo: 500,
  descripcion: 'Error guardar()',
  detalle: MongoExpiredSessionError: Cannot use a session that has ended
      at applySession (C:\Users\franc\OneDrive\Documents\Backend\Backend\node_modules\mongodb\lib\sessions.js:664:16)
      at Connection.command (C:\Users\franc\OneDrive\Documents\Backend\Backend\node_modules\mongodb\lib\cmap\connection.js:271:53)
      at C:\Users\franc\OneDrive\Documents\Backend\Backend\node_modules\mongodb\lib\sdam\server.js:210:18
      at Object.callback (C:\Users\franc\OneDrive\Documents\Backend\Backend\node_modules\mongodb\lib\cmap\connection_pool.js:293:13)
      at ConnectionPool.processWaitQueue (C:\Users\franc\OneDrive\Documents\Backend\Backend\node_modules\mongodb\lib\cmap\connection_pool.js:435:33)
      at C:\Users\franc\OneDrive\Documents\Backend\Backend\node_modules\mongodb\lib\cmap\connection_pool.js:189:37
      at process.processTicksAndRejections (node:internal/process/task_queues:77:11) {
    [Symbol(errorLabels)]: Set(0) {}
  }
}
[2023-03-31T10:50:09.621] [ERROR] default - CustomError {
  codigo: 500,
  descripcion: 'Error guardar()',
  detalle: MongoExpiredSessionError: Cannot use a session that has ended
      at applySession (C:\Users\franc\OneDrive\Documents\Backend\Backend\node_modules\mongodb\lib\sessions.js:664:16)
      at Connection.command (C:\Users\franc\OneDrive\Documents\Backend\Backend\node_modules\mongodb\lib\cmap\connection.js:271:53)
      at C:\Users\franc\OneDrive\Documents\Backend\Backend\node_modules\mongodb\lib\sdam\server.js:210:18
      at Object.callback (C:\Users\franc\OneDrive\Documents\Backend\Backend\node_modules\mongodb\lib\cmap\connection_pool.js:293:13)
      at ConnectionPool.processWaitQueue (C:\Users\franc\OneDrive\Documents\Backend\Backend\node_modules\mongodb\lib\cmap\connection_pool.js:435:33)
      at C:\Users\franc\OneDrive\Documents\Backend\Backend\node_modules\mongodb\lib\cmap\connection_pool.js:189:37
      at process.processTicksAndRejections (node:internal/process/task_queues:77:11) {
    [Symbol(errorLabels)]: Set(0) {}
  }
}
[2023-03-31T10:50:48.301] [ERROR] default - CustomError {
  codigo: 500,
  descripcion: 'Error guardar()',
  detalle: MongoExpiredSessionError: Cannot use a session that has ended
      at applySession (C:\Users\franc\OneDrive\Documents\Backend\Backend\node_modules\mongodb\lib\sessions.js:664:16)
      at Connection.command (C:\Users\franc\OneDrive\Documents\Backend\Backend\node_modules\mongodb\lib\cmap\connection.js:271:53)
      at C:\Users\franc\OneDrive\Documents\Backend\Backend\node_modules\mongodb\lib\sdam\server.js:210:18
      at Object.callback (C:\Users\franc\OneDrive\Documents\Backend\Backend\node_modules\mongodb\lib\cmap\connection_pool.js:293:13)
      at ConnectionPool.processWaitQueue (C:\Users\franc\OneDrive\Documents\Backend\Backend\node_modules\mongodb\lib\cmap\connection_pool.js:435:33)
      at C:\Users\franc\OneDrive\Documents\Backend\Backend\node_modules\mongodb\lib\cmap\connection_pool.js:189:37
      at process.processTicksAndRejections (node:internal/process/task_queues:77:11) {
    [Symbol(errorLabels)]: Set(0) {}
  }
}
[2023-03-31T10:51:58.285] [ERROR] default - CustomError {
  codigo: 500,
  descripcion: 'Error listar()',
  detalle: MongoServerClosedError: Server is closed
      at Server.command (C:\Users\franc\OneDrive\Documents\Backend\Backend\node_modules\mongodb\lib\sdam\server.js:160:22)
      at FindOperation.execute (C:\Users\franc\OneDrive\Documents\Backend\Backend\node_modules\mongodb\lib\operations\find.js:46:16)
      at Object.callback (C:\Users\franc\OneDrive\Documents\Backend\Backend\node_modules\mongodb\lib\operations\execute_operation.js:144:23)
      at processWaitQueue (C:\Users\franc\OneDrive\Documents\Backend\Backend\node_modules\mongodb\lib\sdam\topology.js:594:25)
      at Topology.selectServer (C:\Users\franc\OneDrive\Documents\Backend\Backend\node_modules\mongodb\lib\sdam\topology.js:298:9)
      at retryOperation (C:\Users\franc\OneDrive\Documents\Backend\Backend\node_modules\mongodb\lib\operations\execute_operation.js:137:18)
      at C:\Users\franc\OneDrive\Documents\Backend\Backend\node_modules\mongodb\lib\operations\execute_operation.js:173:32
      at C:\Users\franc\OneDrive\Documents\Backend\Backend\node_modules\mongodb\lib\cmap\connection_pool.js:296:25
      at C:\Users\franc\OneDrive\Documents\Backend\Backend\node_modules\mongodb\lib\sdam\server.js:208:24
      at Object.callback (C:\Users\franc\OneDrive\Documents\Backend\Backend\node_modules\mongodb\lib\cmap\connection_pool.js:293:13) {
    [Symbol(errorLabels)]: Set(0) {}
  }
}
[2023-03-31T10:53:35.150] [ERROR] default - CustomError {
  codigo: 500,
  descripcion: 'Error borrar()',
  detalle: MongoNetworkError: connection establishment was cancelled
      at connectionFailureError (C:\Users\franc\OneDrive\Documents\Backend\Backend\node_modules\mongodb\lib\cmap\connect.js:393:20)
      at CancellationToken.<anonymous> (C:\Users\franc\OneDrive\Documents\Backend\Backend\node_modules\mongodb\lib\cmap\connect.js:310:22)
      at Object.onceWrapper (node:events:627:28)
      at CancellationToken.emit (node:events:513:28)
      at ConnectionPool.close (C:\Users\franc\OneDrive\Documents\Backend\Backend\node_modules\mongodb\lib\cmap\connection_pool.js:228:34)
      at Server.destroy (C:\Users\franc\OneDrive\Documents\Backend\Backend\node_modules\mongodb\lib\sdam\server.js:130:21)
      at destroyServer (C:\Users\franc\OneDrive\Documents\Backend\Backend\node_modules\mongodb\lib\sdam\topology.js:446:12)
      at node:internal/util:364:7
      at new Promise (<anonymous>)
      at destroyServer (node:internal/util:350:12) {
    [Symbol(errorLabels)]: Set(0) {}
  }
}
[2023-03-31T10:55:35.548] [ERROR] default - CustomError {
  codigo: 500,
  descripcion: 'Error borrar()',
  detalle: MongoNetworkError: connection establishment was cancelled
      at connectionFailureError (C:\Users\franc\OneDrive\Documents\Backend\Backend\node_modules\mongodb\lib\cmap\connect.js:393:20)
      at CancellationToken.<anonymous> (C:\Users\franc\OneDrive\Documents\Backend\Backend\node_modules\mongodb\lib\cmap\connect.js:310:22)
      at Object.onceWrapper (node:events:627:28)
      at CancellationToken.emit (node:events:513:28)
      at ConnectionPool.close (C:\Users\franc\OneDrive\Documents\Backend\Backend\node_modules\mongodb\lib\cmap\connection_pool.js:228:34)
      at Server.destroy (C:\Users\franc\OneDrive\Documents\Backend\Backend\node_modules\mongodb\lib\sdam\server.js:130:21)
      at destroyServer (C:\Users\franc\OneDrive\Documents\Backend\Backend\node_modules\mongodb\lib\sdam\topology.js:446:12)
      at node:internal/util:364:7
      at new Promise (<anonymous>)
      at destroyServer (node:internal/util:350:12) {
    [Symbol(errorLabels)]: Set(0) {}
  }
}
[2023-03-31T11:06:00.350] [ERROR] default - CustomError {
  codigo: 500,
  descripcion: 'Error guardar()',
  detalle: MongoServerError: E11000 duplicate key error collection: ecommerce.productos index: _id_ dup key: { _id: ObjectId('4edd40c86762e0fb12000003') }
      at C:\Users\franc\OneDrive\Documents\Backend\Backend\node_modules\mongodb\lib\operations\insert.js:53:33
      at C:\Users\franc\OneDrive\Documents\Backend\Backend\node_modules\mongodb\lib\cmap\connection_pool.js:299:25
      at C:\Users\franc\OneDrive\Documents\Backend\Backend\node_modules\mongodb\lib\sdam\server.js:212:17
      at handleOperationResult (C:\Users\franc\OneDrive\Documents\Backend\Backend\node_modules\mongodb\lib\sdam\server.js:284:20)
      at Connection.onMessage (C:\Users\franc\OneDrive\Documents\Backend\Backend\node_modules\mongodb\lib\cmap\connection.js:219:9)
      at MessageStream.<anonymous> (C:\Users\franc\OneDrive\Documents\Backend\Backend\node_modules\mongodb\lib\cmap\connection.js:60:60)
      at MessageStream.emit (node:events:513:28)
      at processIncomingData (C:\Users\franc\OneDrive\Documents\Backend\Backend\node_modules\mongodb\lib\cmap\message_stream.js:132:20)
      at MessageStream._write (C:\Users\franc\OneDrive\Documents\Backend\Backend\node_modules\mongodb\lib\cmap\message_stream.js:33:9)
      at writeOrBuffer (node:internal/streams/writable:392:12) {
    index: 0,
    code: 11000,
    keyPattern: { _id: 1 },
    keyValue: { _id: new ObjectId("4edd40c86762e0fb12000003") },
    [Symbol(errorLabels)]: Set(0) {}
  }
}
[2023-03-31T11:11:06.069] [ERROR] default - CustomError {
  codigo: 500,
  descripcion: 'Error actualizar()',
  detalle: MongoServerError: Plan executor error during findAndModify :: caused by :: Performing an update on the path '_id' would modify the immutable field '_id'
      at Connection.onMessage (C:\Users\franc\OneDrive\Documents\Backend\Backend\node_modules\mongodb\lib\cmap\connection.js:207:30)
      at MessageStream.<anonymous> (C:\Users\franc\OneDrive\Documents\Backend\Backend\node_modules\mongodb\lib\cmap\connection.js:60:60)
      at MessageStream.emit (node:events:513:28)
      at processIncomingData (C:\Users\franc\OneDrive\Documents\Backend\Backend\node_modules\mongodb\lib\cmap\message_stream.js:132:20)
      at MessageStream._write (C:\Users\franc\OneDrive\Documents\Backend\Backend\node_modules\mongodb\lib\cmap\message_stream.js:33:9)
      at writeOrBuffer (node:internal/streams/writable:392:12)
      at _write (node:internal/streams/writable:333:10)
      at Writable.write (node:internal/streams/writable:337:10)
      at TLSSocket.ondata (node:internal/streams/readable:766:22)
      at TLSSocket.emit (node:events:513:28) {
    ok: 0,
    code: 66,
    codeName: 'ImmutableField',
    '$clusterTime': {
      clusterTime: new Timestamp({ t: 1680271866, i: 3 }),
      signature: [Object]
    },
    operationTime: new Timestamp({ t: 1680271866, i: 3 }),
    [Symbol(errorLabels)]: Set(0) {}
  }
}
[2023-03-31T11:11:37.397] [ERROR] default - CustomError {
  codigo: 500,
  descripcion: 'Error guardar()',
  detalle: MongoServerError: E11000 duplicate key error collection: ecommerce.productos index: _id_ dup key: { _id: ObjectId('4edd40c86762e0fb12000003') }
      at C:\Users\franc\OneDrive\Documents\Backend\Backend\node_modules\mongodb\lib\operations\insert.js:53:33
      at C:\Users\franc\OneDrive\Documents\Backend\Backend\node_modules\mongodb\lib\cmap\connection_pool.js:299:25
      at C:\Users\franc\OneDrive\Documents\Backend\Backend\node_modules\mongodb\lib\sdam\server.js:212:17
      at handleOperationResult (C:\Users\franc\OneDrive\Documents\Backend\Backend\node_modules\mongodb\lib\sdam\server.js:284:20)
      at Connection.onMessage (C:\Users\franc\OneDrive\Documents\Backend\Backend\node_modules\mongodb\lib\cmap\connection.js:219:9)
      at MessageStream.<anonymous> (C:\Users\franc\OneDrive\Documents\Backend\Backend\node_modules\mongodb\lib\cmap\connection.js:60:60)
      at MessageStream.emit (node:events:513:28)
      at processIncomingData (C:\Users\franc\OneDrive\Documents\Backend\Backend\node_modules\mongodb\lib\cmap\message_stream.js:132:20)
      at MessageStream._write (C:\Users\franc\OneDrive\Documents\Backend\Backend\node_modules\mongodb\lib\cmap\message_stream.js:33:9)
      at writeOrBuffer (node:internal/streams/writable:392:12) {
    index: 0,
    code: 11000,
    keyPattern: { _id: 1 },
    keyValue: { _id: new ObjectId("4edd40c86762e0fb12000003") },
    [Symbol(errorLabels)]: Set(0) {}
  }
}
[2023-03-31T12:19:55.264] [ERROR] default - CustomError {
  codigo: 500,
  descripcion: 'Error guardar()',
  detalle: MongoServerError: E11000 duplicate key error collection: ecommerce.productos index: _id_ dup key: { _id: ObjectId('4edd40c86762e0fb12000003') }
      at C:\Users\franc\OneDrive\Documents\Backend\Backend\node_modules\mongodb\lib\operations\insert.js:53:33
      at C:\Users\franc\OneDrive\Documents\Backend\Backend\node_modules\mongodb\lib\cmap\connection_pool.js:299:25
      at C:\Users\franc\OneDrive\Documents\Backend\Backend\node_modules\mongodb\lib\sdam\server.js:212:17
      at handleOperationResult (C:\Users\franc\OneDrive\Documents\Backend\Backend\node_modules\mongodb\lib\sdam\server.js:284:20)
      at Connection.onMessage (C:\Users\franc\OneDrive\Documents\Backend\Backend\node_modules\mongodb\lib\cmap\connection.js:219:9)
      at MessageStream.<anonymous> (C:\Users\franc\OneDrive\Documents\Backend\Backend\node_modules\mongodb\lib\cmap\connection.js:60:60)
      at MessageStream.emit (node:events:513:28)
      at processIncomingData (C:\Users\franc\OneDrive\Documents\Backend\Backend\node_modules\mongodb\lib\cmap\message_stream.js:132:20)
      at MessageStream._write (C:\Users\franc\OneDrive\Documents\Backend\Backend\node_modules\mongodb\lib\cmap\message_stream.js:33:9)
      at writeOrBuffer (node:internal/streams/writable:392:12) {
    index: 0,
    code: 11000,
    keyPattern: { _id: 1 },
    keyValue: { _id: new ObjectId("4edd40c86762e0fb12000003") },
    [Symbol(errorLabels)]: Set(0) {}
  }
}
[2023-03-31T12:23:14.495] [ERROR] default - CustomError {
  codigo: 500,
  descripcion: 'Error guardar()',
  detalle: MongoExpiredSessionError: Cannot use a session that has ended
      at applySession (C:\Users\franc\OneDrive\Documents\Backend\Backend\node_modules\mongodb\lib\sessions.js:664:16)
      at Connection.command (C:\Users\franc\OneDrive\Documents\Backend\Backend\node_modules\mongodb\lib\cmap\connection.js:271:53)
      at C:\Users\franc\OneDrive\Documents\Backend\Backend\node_modules\mongodb\lib\sdam\server.js:210:18
      at Object.callback (C:\Users\franc\OneDrive\Documents\Backend\Backend\node_modules\mongodb\lib\cmap\connection_pool.js:293:13)
      at ConnectionPool.processWaitQueue (C:\Users\franc\OneDrive\Documents\Backend\Backend\node_modules\mongodb\lib\cmap\connection_pool.js:435:33)
      at C:\Users\franc\OneDrive\Documents\Backend\Backend\node_modules\mongodb\lib\cmap\connection_pool.js:189:37
      at process.processTicksAndRejections (node:internal/process/task_queues:77:11) {
    [Symbol(errorLabels)]: Set(0) {}
  }
}
[2023-03-31T12:24:26.787] [ERROR] default - CustomError {
  codigo: 500,
  descripcion: 'Error guardar()',
  detalle: MongoExpiredSessionError: Cannot use a session that has ended
      at applySession (C:\Users\franc\OneDrive\Documents\Backend\Backend\node_modules\mongodb\lib\sessions.js:664:16)
      at Connection.command (C:\Users\franc\OneDrive\Documents\Backend\Backend\node_modules\mongodb\lib\cmap\connection.js:271:53)
      at C:\Users\franc\OneDrive\Documents\Backend\Backend\node_modules\mongodb\lib\sdam\server.js:210:18
      at Object.callback (C:\Users\franc\OneDrive\Documents\Backend\Backend\node_modules\mongodb\lib\cmap\connection_pool.js:293:13)
      at ConnectionPool.processWaitQueue (C:\Users\franc\OneDrive\Documents\Backend\Backend\node_modules\mongodb\lib\cmap\connection_pool.js:435:33)
      at C:\Users\franc\OneDrive\Documents\Backend\Backend\node_modules\mongodb\lib\cmap\connection_pool.js:189:37
      at process.processTicksAndRejections (node:internal/process/task_queues:77:11) {
    [Symbol(errorLabels)]: Set(0) {}
  }
}
[2023-03-31T12:27:25.920] [ERROR] default - CustomError {
  codigo: 500,
  descripcion: 'Error guardar()',
  detalle: MongoExpiredSessionError: Cannot use a session that has ended
      at applySession (C:\Users\franc\OneDrive\Documents\Backend\Backend\node_modules\mongodb\lib\sessions.js:664:16)
      at Connection.command (C:\Users\franc\OneDrive\Documents\Backend\Backend\node_modules\mongodb\lib\cmap\connection.js:271:53)
      at C:\Users\franc\OneDrive\Documents\Backend\Backend\node_modules\mongodb\lib\sdam\server.js:210:18
      at Object.callback (C:\Users\franc\OneDrive\Documents\Backend\Backend\node_modules\mongodb\lib\cmap\connection_pool.js:293:13)
      at ConnectionPool.processWaitQueue (C:\Users\franc\OneDrive\Documents\Backend\Backend\node_modules\mongodb\lib\cmap\connection_pool.js:435:33)
      at C:\Users\franc\OneDrive\Documents\Backend\Backend\node_modules\mongodb\lib\cmap\connection_pool.js:189:37
      at process.processTicksAndRejections (node:internal/process/task_queues:77:11) {
    [Symbol(errorLabels)]: Set(0) {}
  }
}
[2023-03-31T12:28:40.569] [ERROR] default - CustomError {
  codigo: 500,
  descripcion: 'Error borrar()',
  detalle: MongoNetworkError: connection establishment was cancelled
      at connectionFailureError (C:\Users\franc\OneDrive\Documents\Backend\Backend\node_modules\mongodb\lib\cmap\connect.js:393:20)
      at CancellationToken.<anonymous> (C:\Users\franc\OneDrive\Documents\Backend\Backend\node_modules\mongodb\lib\cmap\connect.js:310:22)
      at Object.onceWrapper (node:events:627:28)
      at CancellationToken.emit (node:events:513:28)
      at ConnectionPool.close (C:\Users\franc\OneDrive\Documents\Backend\Backend\node_modules\mongodb\lib\cmap\connection_pool.js:228:34)
      at Server.destroy (C:\Users\franc\OneDrive\Documents\Backend\Backend\node_modules\mongodb\lib\sdam\server.js:130:21)
      at destroyServer (C:\Users\franc\OneDrive\Documents\Backend\Backend\node_modules\mongodb\lib\sdam\topology.js:446:12)
      at node:internal/util:364:7
      at new Promise (<anonymous>)
      at destroyServer (node:internal/util:350:12) {
    [Symbol(errorLabels)]: Set(0) {}
  }
}
[2023-03-31T12:34:45.317] [ERROR] default - CustomError {
  codigo: 500,
  descripcion: 'Error guardar()',
  detalle: MongoServerError: E11000 duplicate key error collection: ecommerce.productos index: _id_ dup key: { _id: ObjectId('4edd40c86762e0fb12000003') }
      at C:\Users\franc\OneDrive\Documents\Backend\Backend\node_modules\mongodb\lib\operations\insert.js:53:33
      at C:\Users\franc\OneDrive\Documents\Backend\Backend\node_modules\mongodb\lib\cmap\connection_pool.js:299:25
      at C:\Users\franc\OneDrive\Documents\Backend\Backend\node_modules\mongodb\lib\sdam\server.js:212:17
      at handleOperationResult (C:\Users\franc\OneDrive\Documents\Backend\Backend\node_modules\mongodb\lib\sdam\server.js:284:20)
      at Connection.onMessage (C:\Users\franc\OneDrive\Documents\Backend\Backend\node_modules\mongodb\lib\cmap\connection.js:219:9)
      at MessageStream.<anonymous> (C:\Users\franc\OneDrive\Documents\Backend\Backend\node_modules\mongodb\lib\cmap\connection.js:60:60)
      at MessageStream.emit (node:events:513:28)
      at processIncomingData (C:\Users\franc\OneDrive\Documents\Backend\Backend\node_modules\mongodb\lib\cmap\message_stream.js:132:20)
      at MessageStream._write (C:\Users\franc\OneDrive\Documents\Backend\Backend\node_modules\mongodb\lib\cmap\message_stream.js:33:9)
      at writeOrBuffer (node:internal/streams/writable:392:12) {
    index: 0,
    code: 11000,
    keyPattern: { _id: 1 },
    keyValue: { _id: new ObjectId("4edd40c86762e0fb12000003") },
    [Symbol(errorLabels)]: Set(0) {}
  }
}
[2023-03-31T12:36:41.749] [ERROR] default - CustomError {
  codigo: 500,
  descripcion: 'Error guardar()',
  detalle: MongoServerError: E11000 duplicate key error collection: ecommerce.productos index: _id_ dup key: { _id: ObjectId('4edd40c86762e0fb12000003') }
      at C:\Users\franc\OneDrive\Documents\Backend\Backend\node_modules\mongodb\lib\operations\insert.js:53:33
      at C:\Users\franc\OneDrive\Documents\Backend\Backend\node_modules\mongodb\lib\cmap\connection_pool.js:299:25
      at C:\Users\franc\OneDrive\Documents\Backend\Backend\node_modules\mongodb\lib\sdam\server.js:212:17
      at handleOperationResult (C:\Users\franc\OneDrive\Documents\Backend\Backend\node_modules\mongodb\lib\sdam\server.js:284:20)
      at Connection.onMessage (C:\Users\franc\OneDrive\Documents\Backend\Backend\node_modules\mongodb\lib\cmap\connection.js:219:9)
      at MessageStream.<anonymous> (C:\Users\franc\OneDrive\Documents\Backend\Backend\node_modules\mongodb\lib\cmap\connection.js:60:60)
      at MessageStream.emit (node:events:513:28)
      at processIncomingData (C:\Users\franc\OneDrive\Documents\Backend\Backend\node_modules\mongodb\lib\cmap\message_stream.js:132:20)
      at MessageStream._write (C:\Users\franc\OneDrive\Documents\Backend\Backend\node_modules\mongodb\lib\cmap\message_stream.js:33:9)
      at writeOrBuffer (node:internal/streams/writable:392:12) {
    index: 0,
    code: 11000,
    keyPattern: { _id: 1 },
    keyValue: { _id: new ObjectId("4edd40c86762e0fb12000003") },
    [Symbol(errorLabels)]: Set(0) {}
  }
}
[2023-03-31T12:47:55.585] [ERROR] default - CustomError {
  codigo: 500,
  descripcion: 'Error guardar()',
  detalle: MongoServerError: E11000 duplicate key error collection: ecommerce.productos index: _id_ dup key: { _id: ObjectId('4edd40c86762e0fb12000003') }
      at C:\Users\franc\OneDrive\Documents\Backend\Backend\node_modules\mongodb\lib\operations\insert.js:53:33
      at C:\Users\franc\OneDrive\Documents\Backend\Backend\node_modules\mongodb\lib\cmap\connection_pool.js:299:25
      at C:\Users\franc\OneDrive\Documents\Backend\Backend\node_modules\mongodb\lib\sdam\server.js:212:17
      at handleOperationResult (C:\Users\franc\OneDrive\Documents\Backend\Backend\node_modules\mongodb\lib\sdam\server.js:284:20)
      at Connection.onMessage (C:\Users\franc\OneDrive\Documents\Backend\Backend\node_modules\mongodb\lib\cmap\connection.js:219:9)
      at MessageStream.<anonymous> (C:\Users\franc\OneDrive\Documents\Backend\Backend\node_modules\mongodb\lib\cmap\connection.js:60:60)
      at MessageStream.emit (node:events:513:28)
      at processIncomingData (C:\Users\franc\OneDrive\Documents\Backend\Backend\node_modules\mongodb\lib\cmap\message_stream.js:132:20)
      at MessageStream._write (C:\Users\franc\OneDrive\Documents\Backend\Backend\node_modules\mongodb\lib\cmap\message_stream.js:33:9)
      at writeOrBuffer (node:internal/streams/writable:392:12) {
    index: 0,
    code: 11000,
    keyPattern: { _id: 1 },
    keyValue: { _id: new ObjectId("4edd40c86762e0fb12000003") },
    [Symbol(errorLabels)]: Set(0) {}
  }
}
[2023-03-31T12:51:23.867] [ERROR] default - CustomError {
  codigo: 500,
  descripcion: 'Error guardar()',
  detalle: MongoServerError: E11000 duplicate key error collection: ecommerce.productos index: _id_ dup key: { _id: ObjectId('4edd40c86762e0fb12000003') }
      at C:\Users\franc\OneDrive\Documents\Backend\Backend\node_modules\mongodb\lib\operations\insert.js:53:33
      at C:\Users\franc\OneDrive\Documents\Backend\Backend\node_modules\mongodb\lib\cmap\connection_pool.js:299:25
      at C:\Users\franc\OneDrive\Documents\Backend\Backend\node_modules\mongodb\lib\sdam\server.js:212:17
      at handleOperationResult (C:\Users\franc\OneDrive\Documents\Backend\Backend\node_modules\mongodb\lib\sdam\server.js:284:20)
      at Connection.onMessage (C:\Users\franc\OneDrive\Documents\Backend\Backend\node_modules\mongodb\lib\cmap\connection.js:219:9)
      at MessageStream.<anonymous> (C:\Users\franc\OneDrive\Documents\Backend\Backend\node_modules\mongodb\lib\cmap\connection.js:60:60)
      at MessageStream.emit (node:events:513:28)
      at processIncomingData (C:\Users\franc\OneDrive\Documents\Backend\Backend\node_modules\mongodb\lib\cmap\message_stream.js:132:20)
      at MessageStream._write (C:\Users\franc\OneDrive\Documents\Backend\Backend\node_modules\mongodb\lib\cmap\message_stream.js:33:9)
      at writeOrBuffer (node:internal/streams/writable:392:12) {
    index: 0,
    code: 11000,
    keyPattern: { _id: 1 },
    keyValue: { _id: new ObjectId("4edd40c86762e0fb12000003") },
    [Symbol(errorLabels)]: Set(0) {}
  }
}
